<?xml version="1.0" encoding="UTF-8" standalone="yes"?>
<Spec Version="2.1" xsi:schemaLocation="http://czt.sourceforge.net/zml http://czt.sourceforge.net/zml/Z_2_1.xsd" xmlns:ns2="http://czt.sourceforge.net/zpatt" xmlns="http://czt.sourceforge.net/zml" xmlns:ns3="http://czt.sourceforge.net/circus" xmlns:xsi="http://www.w3.org/2001/XMLSchema-instance">
    <ZSect>
        <Anns>
            <LocAnn Loc="C:\research\tools\java\sourceforge\czt\1.0\trunk\parser-circus\target\test-classes\tests\circus\test-extchoice.tex" Line="0" Col="0"/>
        </Anns>
        <Name>Specification</Name>
        <Parent>
            <Word>standard_toolkit</Word>
        </Parent>
        <Parent>
            <Word>circus_prelude</Word>
        </Parent>
        <ZParaList>
            <LatexMarkupPara/>
            <ns3:ChannelPara>
                <Anns>
                    <LocAnn Start="20" Loc="C:\research\tools\java\sourceforge\czt\1.0\trunk\parser-circus\target\test-classes\tests\circus\test-extchoice.tex" Line="1" Col="5"/>
                </Anns>
                <ZDeclList>
                    <ns3:ChannelDecl>
                        <Anns>
                            <LocAnn Loc="C:\research\tools\java\sourceforge\czt\1.0\trunk\parser-circus\target\test-classes\tests\circus\test-extchoice.tex"/>
                        </Anns>
                        <ZNameList/>
                        <ZNameList>
                            <ZName>
                                <Anns>
                                    <LocAnn Start="34" Loc="C:\research\tools\java\sourceforge\czt\1.0\trunk\parser-circus\target\test-classes\tests\circus\test-extchoice.tex" Line="1" Length="3" Col="19"/>
                                </Anns>
                                <Word>out</Word>
                                <ZStrokeList/>
                            </ZName>
                        </ZNameList>
                        <RefExpr Mixfix="false" Explicit="false">
                            <ZName>
                                <Word>$$SYNCH</Word>
                                <ZStrokeList/>
                            </ZName>
                            <ZExprList/>
                        </RefExpr>
                    </ns3:ChannelDecl>
                </ZDeclList>
            </ns3:ChannelPara>
            <NarrPara>
                <Anns>
                    <LocAnn Start="51" Loc="C:\research\tools\java\sourceforge\czt\1.0\trunk\parser-circus\target\test-classes\tests\circus\test-extchoice.tex" Line="2" Length="4" Col="12"/>
                </Anns>
                <Content xsi:type="xs:string" xmlns:xs="http://www.w3.org/2001/XMLSchema">

</Content>
            </NarrPara>
            <ns3:ProcessPara>
                <Anns>
                    <LocAnn Start="75" Loc="C:\research\tools\java\sourceforge\czt\1.0\trunk\parser-circus\target\test-classes\tests\circus\test-extchoice.tex" Line="5" Length="316" Col="4"/>
                </Anns>
                <ZName>
                    <Anns>
                        <LocAnn Start="89" Loc="C:\research\tools\java\sourceforge\czt\1.0\trunk\parser-circus\target\test-classes\tests\circus\test-extchoice.tex" Line="5" Length="1" Col="18"/>
                    </Anns>
                    <Word>P</Word>
                    <ZStrokeList/>
                </ZName>
                <ZNameList/>
                <ns3:BasicProcess>
                    <Anns>
                        <LocAnn Start="100" Loc="C:\research\tools\java\sourceforge\czt\1.0\trunk\parser-circus\target\test-classes\tests\circus\test-extchoice.tex" Line="5" Length="291" Col="29"/>
                    </Anns>
                    <ZParaList>
                        <AxPara Box="OmitBox">
                            <Anns>
                                <LocAnn Start="140" Loc="C:\research\tools\java\sourceforge\czt\1.0\trunk\parser-circus\target\test-classes\tests\circus\test-extchoice.tex" Line="6" Length="29" Col="25"/>
                                <ns3:CircusStateAnn/>
                            </Anns>
                            <ZNameList/>
                            <ZSchText>
                                <Anns>
                                    <LocAnn Start="140" Loc="C:\research\tools\java\sourceforge\czt\1.0\trunk\parser-circus\target\test-classes\tests\circus\test-extchoice.tex" Line="6" Length="29" Col="25"/>
                                </Anns>
                                <ZDeclList>
                                    <ConstDecl>
                                        <Anns>
                                            <LocAnn Start="140" Loc="C:\research\tools\java\sourceforge\czt\1.0\trunk\parser-circus\target\test-classes\tests\circus\test-extchoice.tex" Line="6" Length="29" Col="25"/>
                                        </Anns>
                                        <ZName>
                                            <Anns>
                                                <LocAnn Start="140" Loc="C:\research\tools\java\sourceforge\czt\1.0\trunk\parser-circus\target\test-classes\tests\circus\test-extchoice.tex" Line="6" Length="5" Col="25"/>
                                            </Anns>
                                            <Word>State</Word>
                                            <ZStrokeList/>
                                        </ZName>
                                        <SchExpr>
                                            <Anns>
                                                <LocAnn Start="149" Loc="C:\research\tools\java\sourceforge\czt\1.0\trunk\parser-circus\target\test-classes\tests\circus\test-extchoice.tex" Line="6" Length="20" Col="34"/>
                                            </Anns>
                                            <ZSchText>
                                                <ZDeclList>
                                                    <Anns>
                                                        <LocAnn Start="152" Loc="C:\research\tools\java\sourceforge\czt\1.0\trunk\parser-circus\target\test-classes\tests\circus\test-extchoice.tex" Line="6" Length="7" Col="38"/>
                                                    </Anns>
                                                    <VarDecl>
                                                        <Anns>
                                                            <LocAnn Start="152" Loc="C:\research\tools\java\sourceforge\czt\1.0\trunk\parser-circus\target\test-classes\tests\circus\test-extchoice.tex" Line="6" Length="7" Col="38"/>
                                                        </Anns>
                                                        <ZNameList>
                                                            <ZName>
                                                                <Anns>
                                                                    <LocAnn Start="152" Loc="C:\research\tools\java\sourceforge\czt\1.0\trunk\parser-circus\target\test-classes\tests\circus\test-extchoice.tex" Line="6" Length="1" Col="37"/>
                                                                </Anns>
                                                                <Word>x</Word>
                                                                <ZStrokeList/>
                                                            </ZName>
                                                        </ZNameList>
                                                        <RefExpr Mixfix="false" Explicit="false">
                                                            <Anns>
                                                                <LocAnn Start="155" Loc="C:\research\tools\java\sourceforge\czt\1.0\trunk\parser-circus\target\test-classes\tests\circus\test-extchoice.tex" Line="6" Length="4" Col="40"/>
                                                            </Anns>
                                                            <ZName>
                                                                <Anns>
                                                                    <LocAnn Start="155" Loc="C:\research\tools\java\sourceforge\czt\1.0\trunk\parser-circus\target\test-classes\tests\circus\test-extchoice.tex" Line="6" Length="4" Col="40"/>
                                                                </Anns>
                                                                <Word>?</Word>
                                                                <ZStrokeList/>
                                                            </ZName>
                                                            <ZExprList/>
                                                        </RefExpr>
                                                    </VarDecl>
                                                </ZDeclList>
                                                <TruePred>
                                                    <Anns>
                                                        <LocAnn Start="162" Loc="C:\research\tools\java\sourceforge\czt\1.0\trunk\parser-circus\target\test-classes\tests\circus\test-extchoice.tex" Line="6" Length="4" Col="47"/>
                                                    </Anns>
                                                </TruePred>
                                            </ZSchText>
                                        </SchExpr>
                                    </ConstDecl>
                                </ZDeclList>
                            </ZSchText>
                        </AxPara>
                        <ns3:ActionPara>
                            <Anns>
                                <LocAnn Start="186" Loc="C:\research\tools\java\sourceforge\czt\1.0\trunk\parser-circus\target\test-classes\tests\circus\test-extchoice.tex" Line="7" Length="138" Col="12"/>
                            </Anns>
                            <ZName>
                                <Anns>
                                    <LocAnn Start="186" Loc="C:\research\tools\java\sourceforge\czt\1.0\trunk\parser-circus\target\test-classes\tests\circus\test-extchoice.tex" Line="7" Length="1" Col="12"/>
                                </Anns>
                                <Word>A</Word>
                                <ZStrokeList/>
                            </ZName>
                            <ns3:GuardedAction>
                                <Anns>
                                    <LocAnn Start="211" Loc="C:\research\tools\java\sourceforge\czt\1.0\trunk\parser-circus\target\test-classes\tests\circus\test-extchoice.tex" Line="7" Length="113" Col="47"/>
                                </Anns>
                                <ns3:InterleaveAction>
                                    <Anns>
                                        <LocAnn Start="263" Loc="C:\research\tools\java\sourceforge\czt\1.0\trunk\parser-circus\target\test-classes\tests\circus\test-extchoice.tex" Line="7" Length="61" Col="89"/>
                                        <ParenAnn>
                                            <Anns>
                                                <LocAnn Start="261" Loc="C:\research\tools\java\sourceforge\czt\1.0\trunk\parser-circus\target\test-classes\tests\circus\test-extchoice.tex" Line="7" Length="65" Col="87"/>
                                            </Anns>
                                        </ParenAnn>
                                    </Anns>
                                    <ns3:ExtChoiceAction>
                                        <Anns>
                                            <LocAnn Start="263" Loc="C:\research\tools\java\sourceforge\czt\1.0\trunk\parser-circus\target\test-classes\tests\circus\test-extchoice.tex" Line="7" Length="16" Col="89"/>
                                            <ParenAnn>
                                                <Anns>
                                                    <LocAnn Start="262" Loc="C:\research\tools\java\sourceforge\czt\1.0\trunk\parser-circus\target\test-classes\tests\circus\test-extchoice.tex" Line="7" Length="18" Col="88"/>
                                                </Anns>
                                            </ParenAnn>
                                        </Anns>
                                        <ns3:CallAction>
                                            <Anns>
                                                <LocAnn Start="263" Loc="C:\research\tools\java\sourceforge\czt\1.0\trunk\parser-circus\target\test-classes\tests\circus\test-extchoice.tex" Line="7" Length="2" Col="89"/>
                                            </Anns>
                                            <ZName>
                                                <Anns>
                                                    <LocAnn Start="263" Loc="C:\research\tools\java\sourceforge\czt\1.0\trunk\parser-circus\target\test-classes\tests\circus\test-extchoice.tex" Line="7" Length="2" Col="89"/>
                                                </Anns>
                                                <Word>a1</Word>
                                                <ZStrokeList/>
                                            </ZName>
                                            <ZExprList/>
                                        </ns3:CallAction>
                                        <ns3:CallAction>
                                            <Anns>
                                                <LocAnn Start="277" Loc="C:\research\tools\java\sourceforge\czt\1.0\trunk\parser-circus\target\test-classes\tests\circus\test-extchoice.tex" Line="7" Length="2" Col="103"/>
                                            </Anns>
                                            <ZName>
                                                <Anns>
                                                    <LocAnn Start="277" Loc="C:\research\tools\java\sourceforge\czt\1.0\trunk\parser-circus\target\test-classes\tests\circus\test-extchoice.tex" Line="7" Length="2" Col="103"/>
                                                </Anns>
                                                <Word>a2</Word>
                                                <ZStrokeList/>
                                            </ZName>
                                            <ZExprList/>
                                        </ns3:CallAction>
                                    </ns3:ExtChoiceAction>
                                    <ns3:ExtChoiceAction>
                                        <Anns>
                                            <LocAnn Start="308" Loc="C:\research\tools\java\sourceforge\czt\1.0\trunk\parser-circus\target\test-classes\tests\circus\test-extchoice.tex" Line="7" Length="16" Col="134"/>
                                            <ParenAnn>
                                                <Anns>
                                                    <LocAnn Start="307" Loc="C:\research\tools\java\sourceforge\czt\1.0\trunk\parser-circus\target\test-classes\tests\circus\test-extchoice.tex" Line="7" Length="18" Col="133"/>
                                                </Anns>
                                            </ParenAnn>
                                        </Anns>
                                        <ns3:CallAction>
                                            <Anns>
                                                <LocAnn Start="308" Loc="C:\research\tools\java\sourceforge\czt\1.0\trunk\parser-circus\target\test-classes\tests\circus\test-extchoice.tex" Line="7" Length="2" Col="134"/>
                                            </Anns>
                                            <ZName>
                                                <Anns>
                                                    <LocAnn Start="308" Loc="C:\research\tools\java\sourceforge\czt\1.0\trunk\parser-circus\target\test-classes\tests\circus\test-extchoice.tex" Line="7" Length="2" Col="134"/>
                                                </Anns>
                                                <Word>a3</Word>
                                                <ZStrokeList/>
                                            </ZName>
                                            <ZExprList/>
                                        </ns3:CallAction>
                                        <ns3:CallAction>
                                            <Anns>
                                                <LocAnn Start="322" Loc="C:\research\tools\java\sourceforge\czt\1.0\trunk\parser-circus\target\test-classes\tests\circus\test-extchoice.tex" Line="7" Length="2" Col="148"/>
                                            </Anns>
                                            <ZName>
                                                <Anns>
                                                    <LocAnn Start="322" Loc="C:\research\tools\java\sourceforge\czt\1.0\trunk\parser-circus\target\test-classes\tests\circus\test-extchoice.tex" Line="7" Length="2" Col="148"/>
                                                </Anns>
                                                <Word>a4</Word>
                                                <ZStrokeList/>
                                            </ZName>
                                            <ZExprList/>
                                        </ns3:CallAction>
                                    </ns3:ExtChoiceAction>
                                    <ns3:CircusNameSet>
                                        <Anns>
                                            <LocAnn Start="289" Loc="C:\research\tools\java\sourceforge\czt\1.0\trunk\parser-circus\target\test-classes\tests\circus\test-extchoice.tex" Line="7" Length="3" Col="115"/>
                                        </Anns>
                                        <RefExpr Mixfix="false" Explicit="false">
                                            <Anns>
                                                <LocAnn Start="289" Loc="C:\research\tools\java\sourceforge\czt\1.0\trunk\parser-circus\target\test-classes\tests\circus\test-extchoice.tex" Line="7" Length="3" Col="115"/>
                                            </Anns>
                                            <ZName>
                                                <Anns>
                                                    <LocAnn Start="289" Loc="C:\research\tools\java\sourceforge\czt\1.0\trunk\parser-circus\target\test-classes\tests\circus\test-extchoice.tex" Line="7" Length="3" Col="115"/>
                                                </Anns>
                                                <Word>ns1</Word>
                                                <ZStrokeList/>
                                            </ZName>
                                            <ZExprList/>
                                        </RefExpr>
                                    </ns3:CircusNameSet>
                                    <ns3:CircusNameSet>
                                        <Anns>
                                            <LocAnn Start="295" Loc="C:\research\tools\java\sourceforge\czt\1.0\trunk\parser-circus\target\test-classes\tests\circus\test-extchoice.tex" Line="7" Length="3" Col="121"/>
                                        </Anns>
                                        <RefExpr Mixfix="false" Explicit="false">
                                            <Anns>
                                                <LocAnn Start="295" Loc="C:\research\tools\java\sourceforge\czt\1.0\trunk\parser-circus\target\test-classes\tests\circus\test-extchoice.tex" Line="7" Length="3" Col="121"/>
                                            </Anns>
                                            <ZName>
                                                <Anns>
                                                    <LocAnn Start="295" Loc="C:\research\tools\java\sourceforge\czt\1.0\trunk\parser-circus\target\test-classes\tests\circus\test-extchoice.tex" Line="7" Length="3" Col="121"/>
                                                </Anns>
                                                <Word>ns2</Word>
                                                <ZStrokeList/>
                                            </ZName>
                                            <ZExprList/>
                                        </RefExpr>
                                    </ns3:CircusNameSet>
                                </ns3:InterleaveAction>
                                <OrPred>
                                    <Anns>
                                        <LocAnn Start="211" Loc="C:\research\tools\java\sourceforge\czt\1.0\trunk\parser-circus\target\test-classes\tests\circus\test-extchoice.tex" Line="7" Length="24" Col="47"/>
                                        <ParenAnn>
                                            <Anns>
                                                <LocAnn Start="209" Loc="C:\research\tools\java\sourceforge\czt\1.0\trunk\parser-circus\target\test-classes\tests\circus\test-extchoice.tex" Line="7" Length="28" Col="35"/>
                                            </Anns>
                                        </ParenAnn>
                                    </Anns>
                                    <MemPred Mixfix="true">
                                        <Anns>
                                            <LocAnn Start="211" Loc="C:\research\tools\java\sourceforge\czt\1.0\trunk\parser-circus\target\test-classes\tests\circus\test-extchoice.tex" Line="7" Length="8" Col="42"/>
                                            <ParenAnn>
                                                <Anns>
                                                    <LocAnn Start="210" Loc="C:\research\tools\java\sourceforge\czt\1.0\trunk\parser-circus\target\test-classes\tests\circus\test-extchoice.tex" Line="7" Length="10" Col="36"/>
                                                </Anns>
                                            </ParenAnn>
                                        </Anns>
                                        <RefExpr Mixfix="false" Explicit="false">
                                            <Anns>
                                                <LocAnn Start="211" Loc="C:\research\tools\java\sourceforge\czt\1.0\trunk\parser-circus\target\test-classes\tests\circus\test-extchoice.tex" Line="7" Length="4" Col="37"/>
                                            </Anns>
                                            <ZName>
                                                <Anns>
                                                    <LocAnn Start="211" Loc="C:\research\tools\java\sourceforge\czt\1.0\trunk\parser-circus\target\test-classes\tests\circus\test-extchoice.tex" Line="7" Length="4" Col="37"/>
                                                </Anns>
                                                <Word>size</Word>
                                                <ZStrokeList/>
                                            </ZName>
                                            <ZExprList/>
                                        </RefExpr>
                                        <SetExpr>
                                            <ZExprList>
                                                <NumExpr>
                                                    <Anns>
                                                        <LocAnn Start="218" Loc="C:\research\tools\java\sourceforge\czt\1.0\trunk\parser-circus\target\test-classes\tests\circus\test-extchoice.tex" Line="7" Length="1" Col="44"/>
                                                    </Anns>
                                                    <ZNumeral Value="0">
                                                        <Anns>
                                                            <LocAnn Start="218" Loc="C:\research\tools\java\sourceforge\czt\1.0\trunk\parser-circus\target\test-classes\tests\circus\test-extchoice.tex" Line="7" Length="1" Col="44"/>
                                                        </Anns>
                                                    </ZNumeral>
                                                </NumExpr>
                                            </ZExprList>
                                        </SetExpr>
                                    </MemPred>
                                    <MemPred Mixfix="true">
                                        <Anns>
                                            <LocAnn Start="227" Loc="C:\research\tools\java\sourceforge\czt\1.0\trunk\parser-circus\target\test-classes\tests\circus\test-extchoice.tex" Line="7" Length="8" Col="53"/>
                                            <ParenAnn>
                                                <Anns>
                                                    <LocAnn Start="226" Loc="C:\research\tools\java\sourceforge\czt\1.0\trunk\parser-circus\target\test-classes\tests\circus\test-extchoice.tex" Line="7" Length="10" Col="52"/>
                                                </Anns>
                                            </ParenAnn>
                                        </Anns>
                                        <TupleExpr>
                                            <ZExprList>
                                                <RefExpr Mixfix="false" Explicit="false">
                                                    <Anns>
                                                        <LocAnn Start="227" Loc="C:\research\tools\java\sourceforge\czt\1.0\trunk\parser-circus\target\test-classes\tests\circus\test-extchoice.tex" Line="7" Length="4" Col="53"/>
                                                    </Anns>
                                                    <ZName>
                                                        <Anns>
                                                            <LocAnn Start="227" Loc="C:\research\tools\java\sourceforge\czt\1.0\trunk\parser-circus\target\test-classes\tests\circus\test-extchoice.tex" Line="7" Length="4" Col="53"/>
                                                        </Anns>
                                                        <Word>size</Word>
                                                        <ZStrokeList/>
                                                    </ZName>
                                                    <ZExprList/>
                                                </RefExpr>
                                                <NumExpr>
                                                    <Anns>
                                                        <LocAnn Start="234" Loc="C:\research\tools\java\sourceforge\czt\1.0\trunk\parser-circus\target\test-classes\tests\circus\test-extchoice.tex" Line="7" Length="1" Col="60"/>
                                                    </Anns>
                                                    <ZNumeral Value="0">
                                                        <Anns>
                                                            <LocAnn Start="234" Loc="C:\research\tools\java\sourceforge\czt\1.0\trunk\parser-circus\target\test-classes\tests\circus\test-extchoice.tex" Line="7" Length="1" Col="60"/>
                                                        </Anns>
                                                    </ZNumeral>
                                                </NumExpr>
                                            </ZExprList>
                                        </TupleExpr>
                                        <RefExpr Mixfix="false" Explicit="false">
                                            <Anns>
                                                <LocAnn Start="232" Loc="C:\research\tools\java\sourceforge\czt\1.0\trunk\parser-circus\target\test-classes\tests\circus\test-extchoice.tex" Line="7" Length="2" Col="58"/>
                                            </Anns>
                                            <ZName>
                                                <Anns>
                                                    <LocAnn Start="232" Loc="C:\research\tools\java\sourceforge\czt\1.0\trunk\parser-circus\target\test-classes\tests\circus\test-extchoice.tex" Line="7" Length="2" Col="58"/>
                                                </Anns>
                                                <Word> _ &gt; _ </Word>
                                                <ZStrokeList/>
                                            </ZName>
                                            <ZExprList/>
                                        </RefExpr>
                                    </MemPred>
                                </OrPred>
                            </ns3:GuardedAction>
                        </ns3:ActionPara>
                        <ns3:ActionPara>
                            <Anns>
                                <LocAnn Start="366" Loc="C:\research\tools\java\sourceforge\czt\1.0\trunk\parser-circus\target\test-classes\tests\circus\test-extchoice.tex" Line="9" Length="11" Col="12"/>
                            </Anns>
                            <ZName>
                                <Word>$$mainAction_L9C12</Word>
                                <ZStrokeList/>
                            </ZName>
                            <ns3:CallAction>
                                <Anns>
                                    <LocAnn Start="366" Loc="C:\research\tools\java\sourceforge\czt\1.0\trunk\parser-circus\target\test-classes\tests\circus\test-extchoice.tex" Line="9" Length="11" Col="12"/>
                                    <ns3:OnTheFlyDefAnn/>
                                </Anns>
                                <ZName>
                                    <Anns>
                                        <LocAnn Start="376" Loc="C:\research\tools\java\sourceforge\czt\1.0\trunk\parser-circus\target\test-classes\tests\circus\test-extchoice.tex" Line="9" Length="1" Col="22"/>
                                    </Anns>
                                    <Word>A</Word>
                                    <ZStrokeList/>
                                </ZName>
                                <ZExprList/>
                            </ns3:CallAction>
                        </ns3:ActionPara>
                    </ZParaList>
                </ns3:BasicProcess>
            </ns3:ProcessPara>
            <NarrPara>
                <Anns>
                    <LocAnn Start="405" Loc="C:\research\tools\java\sourceforge\czt\1.0\trunk\parser-circus\target\test-classes\tests\circus\test-extchoice.tex" Line="11" Length="4" Col="12"/>
                </Anns>
                <Content xsi:type="xs:string" xmlns:xs="http://www.w3.org/2001/XMLSchema">

</Content>
            </NarrPara>
        </ZParaList>
    </ZSect>
</Spec>
